#
# A fatal error has been detected by the Java Runtime Environment:
#
#  EXCEPTION_ACCESS_VIOLATION (0xc0000005) at pc=0x0000000064a069d3, pid=21856, tid=0x0000000000007738
#
# JRE version: Java(TM) SE Runtime Environment (8.0_202-b08) (build 1.8.0_202-b08)
# Java VM: Java HotSpot(TM) 64-Bit Server VM (25.202-b08 mixed mode windows-amd64 compressed oops)
# Problematic frame:
# V  [jvm.dll+0x1c69d3]
#
# Failed to write core dump. Minidumps are not enabled by default on client versions of Windows
#
# If you would like to submit a bug report, please visit:
#   http://bugreport.java.com/bugreport/crash.jsp
#

---------------  T H R E A D  ---------------

Current thread (0x0000000019ad5800):  JavaThread "JDWP Transport Listener: dt_socket" daemon [_thread_in_vm, id=30520, stack(0x000000001a2f0000,0x000000001a3f0000)]

siginfo: ExceptionCode=0xc0000005, reading address 0x0000000000000022

Registers:
RAX=0x00000000216cd5b0, RBX=0x000000000000000b, RCX=0x0000000000000000, RDX=0x000000000000000a
RSP=0x000000001a3eeba0, RBP=0x000000001a3eeca0, RSI=0x0000000019ad5800, RDI=0x00000000216ca270
R8 =0x000000000000000b, R9 =0x000000000000000a, R10=0x0000000000000003, R11=0x000000000000000a
R12=0x000000002407ce50, R13=0x0000000000007eff, R14=0x00000000215e06d0, R15=0x00000000216ca268
RIP=0x0000000064a069d3, EFLAGS=0x0000000000010297

Top of Stack: (sp=0x000000001a3eeba0)
0x000000001a3eeba0:   000000000000000d 00000000216ca168
0x000000001a3eebb0:   0000000000000000 ffffffff00000000
0x000000001a3eebc0:   00000000d4f26a00 0000000000000000
0x000000001a3eebd0:   000000010000000a 000000000000000a
0x000000001a3eebe0:   000000000000000b 00000000216ca270
0x000000001a3eebf0:   000000000000000b 000000000000000b
0x000000001a3eec00:   0000000023b187d8 000000000000000a
0x000000001a3eec10:   0000000019ad5800 00000000216ca268
0x000000001a3eec20:   00000000216ca168 0000000023b151f0
0x000000001a3eec30:   0000000019ad5800 0000000d0000000d
0x000000001a3eec40:   007991210000004e 5151526169316a31
0x000000001a3eec50:   0000000000000000 0000000000000000
0x000000001a3eec60:   0000000023b186d8 000000002418ac40
0x000000001a3eec70:   0000000019ad5800 0000000d0000000d
0x000000001a3eec80:   000000000000004e 0000000019ad5800
0x000000001a3eec90:   0000000000000000 0000000000000000 

Instructions: (pc=0x0000000064a069d3)
0x0000000064a069b3:   8b 30 4c 3b cb 7c 0d b8 02 00 00 00 44 8b d0 e9
0x0000000064a069c3:   5e 01 00 00 4d 8b 27 49 8b 4e 08 49 8b 44 24 08
0x0000000064a069d3:   0f b7 51 22 48 8b 49 08 44 0f b7 40 22 48 8b 40
0x0000000064a069e3:   08 4a 8b 44 c0 50 48 39 44 d1 50 49 8b 44 24 08 


Register to memory mapping:

RAX=0x00000000216cd5b0 is pointing into metadata
RBX=0x000000000000000b is an unknown value
RCX=0x0000000000000000 is an unknown value
RDX=0x000000000000000a is an unknown value
RSP=0x000000001a3eeba0 is pointing into the stack for thread: 0x0000000019ad5800
RBP=0x000000001a3eeca0 is pointing into the stack for thread: 0x0000000019ad5800
RSI=0x0000000019ad5800 is a thread
RDI=0x00000000216ca270 is pointing into metadata
R8 =0x000000000000000b is an unknown value
R9 =0x000000000000000a is an unknown value
R10=0x0000000000000003 is an unknown value
R11=0x000000000000000a is an unknown value
R12={method} {0x000000002407ce58} 'getProductNumber3S' '(Ljava/lang/String;Ljava/lang/String;Ljavax/servlet/http/HttpServletRequest;)Ljava/lang/String;' in 'com/smc/webcatalog/api/S3SRestController'
R13=0x0000000000007eff is an unknown value
R14=0x00000000215e06d0 is pointing into metadata
R15=0x00000000216ca268 is pointing into metadata


Stack: [0x000000001a2f0000,0x000000001a3f0000],  sp=0x000000001a3eeba0,  free space=1018k
Native frames: (J=compiled Java code, j=interpreted, Vv=VM code, C=native code)
V  [jvm.dll+0x1c69d3]
V  [jvm.dll+0x1cdba7]
V  [jvm.dll+0x1ce5d2]
V  [jvm.dll+0x24c2b0]
V  [jvm.dll+0x1a5281]
V  [jvm.dll+0x34e3b4]
C  [jdwp.dll+0x9e6b]
C  [jdwp.dll+0xf15d]
C  [jdwp.dll+0x1f5c9]
C  [jdwp.dll+0x1f79e]
V  [jvm.dll+0x1be70a]
V  [jvm.dll+0x24672f]
V  [jvm.dll+0x29fc6a]
C  [msvcr100.dll+0x21d9f]
C  [msvcr100.dll+0x21e3b]
C  [KERNEL32.DLL+0x17034]
C  [ntdll.dll+0x52651]


---------------  P R O C E S S  ---------------

Java Threads: ( => current thread )
  0x0000000022d69000 JavaThread "http-nio-8080-Acceptor" daemon [_thread_in_native, id=11816, stack(0x0000000024760000,0x0000000024860000)]
  0x0000000022d67800 JavaThread "http-nio-8080-Poller" daemon [_thread_in_native, id=7556, stack(0x0000000024660000,0x0000000024760000)]
  0x0000000022d62000 JavaThread "http-nio-8080-exec-10" daemon [_thread_blocked, id=9948, stack(0x0000000024560000,0x0000000024660000)]
  0x0000000022d64800 JavaThread "http-nio-8080-exec-9" daemon [_thread_blocked, id=19000, stack(0x0000000024460000,0x0000000024560000)]
  0x0000000022d68000 JavaThread "http-nio-8080-exec-8" daemon [_thread_blocked, id=19196, stack(0x0000000024360000,0x0000000024460000)]
  0x0000000019b01000 JavaThread "http-nio-8080-exec-7" daemon [_thread_blocked, id=30116, stack(0x0000000023e60000,0x0000000023f60000)]
  0x0000000019afe800 JavaThread "http-nio-8080-exec-6" daemon [_thread_blocked, id=29860, stack(0x0000000023d60000,0x0000000023e60000)]
  0x0000000019afe000 JavaThread "http-nio-8080-exec-5" daemon [_thread_blocked, id=25784, stack(0x0000000023c60000,0x0000000023d60000)]
  0x0000000019afc800 JavaThread "http-nio-8080-exec-4" daemon [_thread_blocked, id=28348, stack(0x0000000022590000,0x0000000022690000)]
  0x0000000019b01800 JavaThread "http-nio-8080-exec-3" daemon [_thread_blocked, id=18664, stack(0x0000000022490000,0x0000000022590000)]
  0x000000001f002800 JavaThread "http-nio-8080-exec-2" daemon [_thread_blocked, id=26104, stack(0x0000000022390000,0x0000000022490000)]
  0x000000001f006000 JavaThread "http-nio-8080-exec-1" daemon [_thread_blocked, id=6280, stack(0x0000000022090000,0x0000000022190000)]
  0x000000001f005800 JavaThread "File Watcher" daemon [_thread_blocked, id=30124, stack(0x0000000021f90000,0x0000000022090000)]
  0x000000001f007800 JavaThread "MaintenanceTimer-8-thread-1" daemon [_thread_blocked, id=9644, stack(0x0000000021e90000,0x0000000021f90000)]
  0x000000001f007000 JavaThread "cluster-rtt-ClusterId{value='62dff571ec5c8f4e54174563', description='null'}-127.0.0.1:27017" daemon [_thread_blocked, id=24640, stack(0x0000000021d90000,0x0000000021e90000)]
  0x000000001effc800 JavaThread "cluster-ClusterId{value='62dff571ec5c8f4e54174563', description='null'}-127.0.0.1:27017" daemon [_thread_blocked, id=15628, stack(0x0000000021c90000,0x0000000021d90000)]
  0x000000001effa000 JavaThread "MaintenanceTimer-7-thread-1" daemon [_thread_blocked, id=20324, stack(0x0000000021a90000,0x0000000021b90000)]
  0x000000001f001000 JavaThread "cluster-rtt-ClusterId{value='62dff570ec5c8f4e54174562', description='null'}-localhost:27017" daemon [_thread_blocked, id=20384, stack(0x0000000021990000,0x0000000021a90000)]
  0x000000001effd000 JavaThread "cluster-ClusterId{value='62dff570ec5c8f4e54174562', description='null'}-localhost:27017" daemon [_thread_blocked, id=29884, stack(0x0000000021890000,0x0000000021990000)]
  0x000000001eff9800 JavaThread "HikariPool-4 housekeeper" daemon [_thread_blocked, id=30880, stack(0x0000000021490000,0x0000000021590000)]
  0x000000001effb000 JavaThread "container-0" [_thread_blocked, id=29488, stack(0x0000000020e90000,0x0000000020f90000)]
  0x000000001effb800 JavaThread "Catalina-utility-2" [_thread_blocked, id=27240, stack(0x0000000020b90000,0x0000000020c90000)]
  0x000000001f000000 JavaThread "Catalina-utility-1" [_thread_blocked, id=27544, stack(0x000000001fc90000,0x000000001fd90000)]
  0x000000001f003000 JavaThread "DestroyJavaVM" [_thread_blocked, id=30240, stack(0x0000000002a60000,0x0000000002b60000)]
  0x0000000019b00000 JavaThread "Live Reload Server" daemon [_thread_in_native, id=15724, stack(0x0000000020f90000,0x0000000021090000)]
  0x000000001c582000 JavaThread "JMX server connection timeout 26" daemon [_thread_blocked, id=23824, stack(0x000000001dcc0000,0x000000001ddc0000)]
  0x000000001c53e000 JavaThread "RMI Scheduler(0)" daemon [_thread_blocked, id=30596, stack(0x000000001dbc0000,0x000000001dcc0000)]
  0x000000001c4e2000 JavaThread "RMI TCP Connection(idle)" daemon [_thread_blocked, id=29924, stack(0x000000001d0c0000,0x000000001d1c0000)]
  0x000000001b0f5800 JavaThread "RMI TCP Accept-0" daemon [_thread_in_native, id=29636, stack(0x000000001b510000,0x000000001b610000)]
  0x000000001b0ef000 JavaThread "RMI TCP Accept-56455" daemon [_thread_in_native, id=13596, stack(0x000000001b410000,0x000000001b510000)]
  0x000000001b0e3800 JavaThread "RMI TCP Accept-0" daemon [_thread_in_native, id=28656, stack(0x000000001b310000,0x000000001b410000)]
  0x0000000019b9c800 JavaThread "Service Thread" daemon [_thread_blocked, id=22728, stack(0x000000001a9f0000,0x000000001aaf0000)]
  0x0000000019afb000 JavaThread "C1 CompilerThread3" daemon [_thread_blocked, id=26756, stack(0x000000001a8f0000,0x000000001a9f0000)]
  0x0000000019afd000 JavaThread "C2 CompilerThread2" daemon [_thread_blocked, id=31040, stack(0x000000001a7f0000,0x000000001a8f0000)]
  0x0000000019b0f000 JavaThread "C2 CompilerThread1" daemon [_thread_blocked, id=21008, stack(0x000000001a6f0000,0x000000001a7f0000)]
  0x0000000019af9000 JavaThread "C2 CompilerThread0" daemon [_thread_blocked, id=25984, stack(0x000000001a5f0000,0x000000001a6f0000)]
  0x0000000019aec800 JavaThread "JDWP Command Reader" daemon [_thread_in_native, id=31344, stack(0x000000001a4f0000,0x000000001a5f0000)]
  0x0000000019ae2000 JavaThread "JDWP Event Helper Thread" daemon [_thread_blocked, id=27044, stack(0x000000001a3f0000,0x000000001a4f0000)]
=>0x0000000019ad5800 JavaThread "JDWP Transport Listener: dt_socket" daemon [_thread_in_vm, id=30520, stack(0x000000001a2f0000,0x000000001a3f0000)]
  0x0000000019ac9800 JavaThread "Attach Listener" daemon [_thread_blocked, id=24600, stack(0x000000001a1f0000,0x000000001a2f0000)]
  0x0000000019a85000 JavaThread "Signal Dispatcher" daemon [_thread_blocked, id=2156, stack(0x000000001a0f0000,0x000000001a1f0000)]
  0x0000000019a61800 JavaThread "Finalizer" daemon [_thread_blocked, id=30192, stack(0x0000000019f40000,0x000000001a040000)]
  0x0000000019a60800 JavaThread "Reference Handler" daemon [_thread_blocked, id=30872, stack(0x0000000019e40000,0x0000000019f40000)]

Other Threads:
  0x0000000017c59000 VMThread [stack: 0x0000000019940000,0x0000000019a40000] [id=21040]
  0x000000001b0f6800 WatcherThread [stack: 0x000000001b610000,0x000000001b710000] [id=29156]

VM state:not at safepoint (normal execution)

VM Mutex/Monitor currently owned by a thread: None

heap address: 0x0000000081400000, size: 2028 MB, Compressed Oops mode: 32-bit
Narrow klass base: 0x0000000000000000, Narrow klass shift: 3
Compressed class space size: 1073741824 Address: 0x0000000100000000

Heap:
 PSYoungGen      total 49152K, used 45431K [0x00000000d5c00000, 0x00000000d9e80000, 0x0000000100000000)
  eden space 40448K, 90% used [0x00000000d5c00000,0x00000000d7fe4128,0x00000000d8380000)
  from space 8704K, 99% used [0x00000000d8380000,0x00000000d8bf9e98,0x00000000d8c00000)
  to   space 11264K, 0% used [0x00000000d9380000,0x00000000d9380000,0x00000000d9e80000)
 ParOldGen       total 122880K, used 32757K [0x0000000081400000, 0x0000000088c00000, 0x00000000d5c00000)
  object space 122880K, 26% used [0x0000000081400000,0x00000000833fd670,0x0000000088c00000)
 Metaspace       used 79408K, capacity 85117K, committed 85376K, reserved 1124352K
  class space    used 9516K, capacity 10435K, committed 10624K, reserved 1048576K

Card table byte_map: [0x0000000012030000,0x0000000012430000] byte_map_base: 0x0000000011c26000

Marking Bits: (ParMarkBitMap*) 0x0000000065065ce0
 Begin Bits: [0x0000000012ee0000, 0x0000000014e90000)
 End Bits:   [0x0000000014e90000, 0x0000000016e40000)

Polling page: 0x0000000002a30000

CodeCache: size=245760Kb used=20270Kb max_used=20270Kb free=225489Kb
 bounds [0x0000000002c70000, 0x0000000004040000, 0x0000000011c70000]
 total_blobs=10946 nmethods=10097 adapters=767
 compilation: enabled

Compilation events (10 events):
Event: 26382.571 Thread 0x0000000019afb000 10235       1       org.springframework.boot.context.properties.bind.JavaBeanBinder$Bean::getSorted (24 bytes)
Event: 26382.571 Thread 0x0000000019afb000 nmethod 10235 0x000000000403c890 code [0x000000000403ca20, 0x000000000403cd08]
Event: 26382.582 Thread 0x0000000019afb000 10236       1       java.lang.Thread::run (17 bytes)
Event: 26382.582 Thread 0x0000000019afb000 nmethod 10236 0x000000000403cfd0 code [0x000000000403d120, 0x000000000403d268]
Event: 26382.597 Thread 0x0000000019afb000 10237       1       org.springframework.core.ResolvableType::getRawClass (54 bytes)
Event: 26382.597 Thread 0x0000000019afb000 nmethod 10237 0x000000000403d2d0 code [0x000000000403d440, 0x000000000403d6e8]
Event: 26382.620 Thread 0x0000000019afb000 10238       1       java.text.DateFormatSymbols::copyMembers (163 bytes)
Event: 26382.620 Thread 0x0000000019afb000 nmethod 10238 0x000000000403d790 code [0x000000000403d960, 0x000000000403df08]
Event: 26382.621 Thread 0x0000000019afb000 10239       1       org.springframework.core.annotation.AnnotationAwareOrderComparator::sort (20 bytes)
Event: 26382.621 Thread 0x0000000019afb000 nmethod 10239 0x000000000403e2d0 code [0x000000000403e440, 0x000000000403e598]

GC Heap History (10 events):
Event: 26381.273 GC heap before
{Heap before GC invocations=2225 (full 6):
 PSYoungGen      total 36352K, used 36330K [0x00000000d5c00000, 0x00000000d8580000, 0x0000000100000000)
  eden space 33792K, 99% used [0x00000000d5c00000,0x00000000d7cfaa40,0x00000000d7d00000)
  from space 2560K, 100% used [0x00000000d8080000,0x00000000d8300000,0x00000000d8300000)
  to   space 3584K, 0% used [0x00000000d7d00000,0x00000000d7d00000,0x00000000d8080000)
 ParOldGen       total 122880K, used 25465K [0x0000000081400000, 0x0000000088c00000, 0x00000000d5c00000)
  object space 122880K, 20% used [0x0000000081400000,0x0000000082cde678,0x0000000088c00000)
 Metaspace       used 78555K, capacity 84137K, committed 84480K, reserved 1124352K
  class space    used 9446K, capacity 10361K, committed 10496K, reserved 1048576K
Event: 26381.297 GC heap after
Heap after GC invocations=2225 (full 6):
 PSYoungGen      total 37376K, used 3584K [0x00000000d5c00000, 0x00000000d8900000, 0x0000000100000000)
  eden space 33792K, 0% used [0x00000000d5c00000,0x00000000d5c00000,0x00000000d7d00000)
  from space 3584K, 100% used [0x00000000d7d00000,0x00000000d8080000,0x00000000d8080000)
  to   space 4608K, 0% used [0x00000000d8480000,0x00000000d8480000,0x00000000d8900000)
 ParOldGen       total 122880K, used 26889K [0x0000000081400000, 0x0000000088c00000, 0x00000000d5c00000)
  object space 122880K, 21% used [0x0000000081400000,0x0000000082e42610,0x0000000088c00000)
 Metaspace       used 78555K, capacity 84137K, committed 84480K, reserved 1124352K
  class space    used 9446K, capacity 10361K, committed 10496K, reserved 1048576K
}
Event: 26381.314 GC heap before
{Heap before GC invocations=2226 (full 6):
 PSYoungGen      total 37376K, used 37376K [0x00000000d5c00000, 0x00000000d8900000, 0x0000000100000000)
  eden space 33792K, 100% used [0x00000000d5c00000,0x00000000d7d00000,0x00000000d7d00000)
  from space 3584K, 100% used [0x00000000d7d00000,0x00000000d8080000,0x00000000d8080000)
  to   space 4608K, 0% used [0x00000000d8480000,0x00000000d8480000,0x00000000d8900000)
 ParOldGen       total 122880K, used 26889K [0x0000000081400000, 0x0000000088c00000, 0x00000000d5c00000)
  object space 122880K, 21% used [0x0000000081400000,0x0000000082e42610,0x0000000088c00000)
 Metaspace       used 78555K, capacity 84137K, committed 84480K, reserved 1124352K
  class space    used 9446K, capacity 10361K, committed 10496K, reserved 1048576K
Event: 26381.319 GC heap after
Heap after GC invocations=2226 (full 6):
 PSYoungGen      total 40960K, used 3901K [0x00000000d5c00000, 0x00000000d8c00000, 0x0000000100000000)
  eden space 36352K, 0% used [0x00000000d5c00000,0x00000000d5c00000,0x00000000d7f80000)
  from space 4608K, 84% used [0x00000000d8480000,0x00000000d884f708,0x00000000d8900000)
  to   space 5120K, 0% used [0x00000000d7f80000,0x00000000d7f80000,0x00000000d8480000)
 ParOldGen       total 122880K, used 26889K [0x0000000081400000, 0x0000000088c00000, 0x00000000d5c00000)
  object space 122880K, 21% used [0x0000000081400000,0x0000000082e42610,0x0000000088c00000)
 Metaspace       used 78555K, capacity 84137K, committed 84480K, reserved 1124352K
  class space    used 9446K, capacity 10361K, committed 10496K, reserved 1048576K
}
Event: 26381.631 GC heap before
{Heap before GC invocations=2227 (full 6):
 PSYoungGen      total 40960K, used 40253K [0x00000000d5c00000, 0x00000000d8c00000, 0x0000000100000000)
  eden space 36352K, 100% used [0x00000000d5c00000,0x00000000d7f80000,0x00000000d7f80000)
  from space 4608K, 84% used [0x00000000d8480000,0x00000000d884f708,0x00000000d8900000)
  to   space 5120K, 0% used [0x00000000d7f80000,0x00000000d7f80000,0x00000000d8480000)
 ParOldGen       total 122880K, used 26889K [0x0000000081400000, 0x0000000088c00000, 0x00000000d5c00000)
  object space 122880K, 21% used [0x0000000081400000,0x0000000082e42610,0x0000000088c00000)
 Metaspace       used 78672K, capacity 84283K, committed 84480K, reserved 1124352K
  class space    used 9457K, capacity 10364K, committed 10496K, reserved 1048576K
Event: 26381.653 GC heap after
Heap after GC invocations=2227 (full 6):
 PSYoungGen      total 41472K, used 5095K [0x00000000d5c00000, 0x00000000d9300000, 0x0000000100000000)
  eden space 36352K, 0% used [0x00000000d5c00000,0x00000000d5c00000,0x00000000d7f80000)
  from space 5120K, 99% used [0x00000000d7f80000,0x00000000d8479e88,0x00000000d8480000)
  to   space 7168K, 0% used [0x00000000d8c00000,0x00000000d8c00000,0x00000000d9300000)
 ParOldGen       total 122880K, used 29213K [0x0000000081400000, 0x0000000088c00000, 0x00000000d5c00000)
  object space 122880K, 23% used [0x0000000081400000,0x0000000083087660,0x0000000088c00000)
 Metaspace       used 78672K, capacity 84283K, committed 84480K, reserved 1124352K
  class space    used 9457K, capacity 10364K, committed 10496K, reserved 1048576K
}
Event: 26382.090 GC heap before
{Heap before GC invocations=2228 (full 6):
 PSYoungGen      total 41472K, used 41447K [0x00000000d5c00000, 0x00000000d9300000, 0x0000000100000000)
  eden space 36352K, 100% used [0x00000000d5c00000,0x00000000d7f80000,0x00000000d7f80000)
  from space 5120K, 99% used [0x00000000d7f80000,0x00000000d8479e88,0x00000000d8480000)
  to   space 7168K, 0% used [0x00000000d8c00000,0x00000000d8c00000,0x00000000d9300000)
 ParOldGen       total 122880K, used 29213K [0x0000000081400000, 0x0000000088c00000, 0x00000000d5c00000)
  object space 122880K, 23% used [0x0000000081400000,0x0000000083087660,0x0000000088c00000)
 Metaspace       used 79253K, capacity 84875K, committed 84992K, reserved 1124352K
  class space    used 9494K, capacity 10404K, committed 10496K, reserved 1048576K
Event: 26382.105 GC heap after
Heap after GC invocations=2228 (full 6):
 PSYoungGen      total 47616K, used 7143K [0x00000000d5c00000, 0x00000000d9580000, 0x0000000100000000)
  eden space 40448K, 0% used [0x00000000d5c00000,0x00000000d5c00000,0x00000000d8380000)
  from space 7168K, 99% used [0x00000000d8c00000,0x00000000d92f9e88,0x00000000d9300000)
  to   space 8704K, 0% used [0x00000000d8380000,0x00000000d8380000,0x00000000d8c00000)
 ParOldGen       total 122880K, used 30437K [0x0000000081400000, 0x0000000088c00000, 0x00000000d5c00000)
  object space 122880K, 24% used [0x0000000081400000,0x00000000831b9660,0x0000000088c00000)
 Metaspace       used 79253K, capacity 84875K, committed 84992K, reserved 1124352K
  class space    used 9494K, capacity 10404K, committed 10496K, reserved 1048576K
}
Event: 26382.584 GC heap before
{Heap before GC invocations=2229 (full 6):
 PSYoungGen      total 47616K, used 47591K [0x00000000d5c00000, 0x00000000d9580000, 0x0000000100000000)
  eden space 40448K, 100% used [0x00000000d5c00000,0x00000000d8380000,0x00000000d8380000)
  from space 7168K, 99% used [0x00000000d8c00000,0x00000000d92f9e88,0x00000000d9300000)
  to   space 8704K, 0% used [0x00000000d8380000,0x00000000d8380000,0x00000000d8c00000)
 ParOldGen       total 122880K, used 30437K [0x0000000081400000, 0x0000000088c00000, 0x00000000d5c00000)
  object space 122880K, 24% used [0x0000000081400000,0x00000000831b9660,0x0000000088c00000)
 Metaspace       used 79405K, capacity 85117K, committed 85376K, reserved 1124352K
  class space    used 9515K, capacity 10435K, committed 10624K, reserved 1048576K
Event: 26382.595 GC heap after
Heap after GC invocations=2229 (full 6):
 PSYoungGen      total 49152K, used 8679K [0x00000000d5c00000, 0x00000000d9e80000, 0x0000000100000000)
  eden space 40448K, 0% used [0x00000000d5c00000,0x00000000d5c00000,0x00000000d8380000)
  from space 8704K, 99% used [0x00000000d8380000,0x00000000d8bf9e98,0x00000000d8c00000)
  to   space 11264K, 0% used [0x00000000d9380000,0x00000000d9380000,0x00000000d9e80000)
 ParOldGen       total 122880K, used 32757K [0x0000000081400000, 0x0000000088c00000, 0x00000000d5c00000)
  object space 122880K, 26% used [0x0000000081400000,0x00000000833fd670,0x0000000088c00000)
 Metaspace       used 79405K, capacity 85117K, committed 85376K, reserved 1124352K
  class space    used 9515K, capacity 10435K, committed 10624K, reserved 1048576K
}

Deoptimization events (0 events):
No events

Classes redefined (10 events):
Event: 10697.355 Thread 0x0000000017c59000 redefined class name=com.smc.webcatalog.api.S3SRestController, count=2
Event: 10707.036 Thread 0x0000000017c59000 redefined class name=com.smc.webcatalog.api.S3SRestController, count=1
Event: 10707.058 Thread 0x0000000017c59000 redefined class name=com.smc.webcatalog.api.S3SRestController, count=3
Event: 10707.082 Thread 0x0000000017c59000 redefined class name=com.smc.webcatalog.api.S3SRestController, count=3
Event: 26376.651 Thread 0x0000000017c59000 redefined class name=com.smc.webcatalog.api.ProductRestController, count=2
Event: 26376.684 Thread 0x0000000017c59000 redefined class name=com.smc.webcatalog.api.ProductRestController, count=3
Event: 26376.718 Thread 0x0000000017c59000 redefined class name=com.smc.webcatalog.api.ProductRestController, count=1
Event: 26376.758 Thread 0x0000000017c59000 redefined class name=com.smc.webcatalog.api.S3SRestController, count=4
Event: 26376.794 Thread 0x0000000017c59000 redefined class name=com.smc.webcatalog.api.S3SRestController, count=4
Event: 26376.825 Thread 0x0000000017c59000 redefined class name=com.smc.webcatalog.api.S3SRestController, count=2

Internal exceptions (10 events):
Event: 26382.530 Thread 0x000000001efff800 Exception <a 'java/lang/ArrayIndexOutOfBoundsException'> (0x00000000d7780c18) thrown at [C:\re\workspace\8-2-build-windows-amd64-cygwin\jdk8u202\12323\hotspot\src\share\vm\runtime\sharedRuntime.cpp, line 605]
Event: 26382.530 Thread 0x000000001efff800 Exception <a 'java/lang/ArrayIndexOutOfBoundsException'> (0x00000000d7783118) thrown at [C:\re\workspace\8-2-build-windows-amd64-cygwin\jdk8u202\12323\hotspot\src\share\vm\runtime\sharedRuntime.cpp, line 605]
Event: 26382.530 Thread 0x000000001efff800 Exception <a 'java/lang/ArrayIndexOutOfBoundsException'> (0x00000000d7785080) thrown at [C:\re\workspace\8-2-build-windows-amd64-cygwin\jdk8u202\12323\hotspot\src\share\vm\runtime\sharedRuntime.cpp, line 605]
Event: 26382.530 Thread 0x000000001efff800 Exception <a 'java/lang/ArrayIndexOutOfBoundsException'> (0x00000000d7787a78) thrown at [C:\re\workspace\8-2-build-windows-amd64-cygwin\jdk8u202\12323\hotspot\src\share\vm\runtime\sharedRuntime.cpp, line 605]
Event: 26382.530 Thread 0x000000001efff800 Exception <a 'java/lang/ArrayIndexOutOfBoundsException'> (0x00000000d778a360) thrown at [C:\re\workspace\8-2-build-windows-amd64-cygwin\jdk8u202\12323\hotspot\src\share\vm\runtime\sharedRuntime.cpp, line 605]
Event: 26382.530 Thread 0x000000001efff800 Exception <a 'java/lang/ArrayIndexOutOfBoundsException'> (0x00000000d778bf00) thrown at [C:\re\workspace\8-2-build-windows-amd64-cygwin\jdk8u202\12323\hotspot\src\share\vm\runtime\sharedRuntime.cpp, line 605]
Event: 26382.530 Thread 0x000000001efff800 Exception <a 'java/lang/ArrayIndexOutOfBoundsException'> (0x00000000d778d598) thrown at [C:\re\workspace\8-2-build-windows-amd64-cygwin\jdk8u202\12323\hotspot\src\share\vm\runtime\sharedRuntime.cpp, line 605]
Event: 26382.530 Thread 0x000000001efff800 Exception <a 'java/lang/ArrayIndexOutOfBoundsException'> (0x00000000d778e680) thrown at [C:\re\workspace\8-2-build-windows-amd64-cygwin\jdk8u202\12323\hotspot\src\share\vm\runtime\sharedRuntime.cpp, line 605]
Event: 26382.530 Thread 0x000000001efff800 Exception <a 'java/lang/ArrayIndexOutOfBoundsException'> (0x00000000d778f080) thrown at [C:\re\workspace\8-2-build-windows-amd64-cygwin\jdk8u202\12323\hotspot\src\share\vm\runtime\sharedRuntime.cpp, line 605]
Event: 26382.531 Thread 0x000000001efff800 Exception <a 'java/lang/ArrayIndexOutOfBoundsException'> (0x00000000d77913e8) thrown at [C:\re\workspace\8-2-build-windows-amd64-cygwin\jdk8u202\12323\hotspot\src\share\vm\runtime\sharedRuntime.cpp, line 605]

Events (10 events):
Event: 26391.438 Executing VM operation: RevokeBias
Event: 26391.438 Executing VM operation: RevokeBias done
Event: 26391.438 Executing VM operation: RevokeBias
Event: 26391.438 Executing VM operation: RevokeBias done
Event: 26391.438 Executing VM operation: RevokeBias
Event: 26391.438 Executing VM operation: RevokeBias done
Event: 26391.578 Executing VM operation: RevokeBias
Event: 26391.578 Executing VM operation: RevokeBias done
Event: 26392.497 Executing VM operation: RevokeBias
Event: 26392.497 Executing VM operation: RevokeBias done


Dynamic libraries:
0x00007ff77ff00000 - 0x00007ff77ff37000 	C:\pleiades\java\8\bin\javaw.exe
0x00007ffefd530000 - 0x00007ffefd728000 	C:\WINDOWS\SYSTEM32\ntdll.dll
0x00007ffefd430000 - 0x00007ffefd4ed000 	C:\WINDOWS\System32\KERNEL32.DLL
0x00007ffefac50000 - 0x00007ffefaf1e000 	C:\WINDOWS\System32\KERNELBASE.dll
0x00007ffef8160000 - 0x00007ffef81f0000 	C:\WINDOWS\SYSTEM32\apphelp.dll
0x00007ffefbf10000 - 0x00007ffefbfbe000 	C:\WINDOWS\System32\ADVAPI32.dll
0x00007ffefc8b0000 - 0x00007ffefc94e000 	C:\WINDOWS\System32\msvcrt.dll
0x00007ffefcf10000 - 0x00007ffefcfac000 	C:\WINDOWS\System32\sechost.dll
0x00007ffefc780000 - 0x00007ffefc8a5000 	C:\WINDOWS\System32\RPCRT4.dll
0x00007ffefb620000 - 0x00007ffefb7c0000 	C:\WINDOWS\System32\USER32.dll
0x00007ffefb400000 - 0x00007ffefb422000 	C:\WINDOWS\System32\win32u.dll
0x00007ffefb590000 - 0x00007ffefb5ba000 	C:\WINDOWS\System32\GDI32.dll
0x00007ffefb2f0000 - 0x00007ffefb3fb000 	C:\WINDOWS\System32\gdi32full.dll
0x00007ffefb430000 - 0x00007ffefb4cd000 	C:\WINDOWS\System32\msvcp_win.dll
0x00007ffefaf20000 - 0x00007ffefb020000 	C:\WINDOWS\System32\ucrtbase.dll
0x00007ffeeaa10000 - 0x00007ffeeacaa000 	C:\WINDOWS\WinSxS\amd64_microsoft.windows.common-controls_6595b64144ccf1df_6.0.19041.1110_none_60b5254171f9507e\COMCTL32.dll
0x00007ffefb870000 - 0x00007ffefb8a0000 	C:\WINDOWS\System32\IMM32.DLL
0x0000000065420000 - 0x00000000654f2000 	C:\pleiades\java\8\jre\bin\msvcr100.dll
0x0000000064840000 - 0x00000000650e5000 	C:\pleiades\java\8\jre\bin\server\jvm.dll
0x00007ffefc950000 - 0x00007ffefc958000 	C:\WINDOWS\System32\PSAPI.DLL
0x00007ffef5a40000 - 0x00007ffef5a4a000 	C:\WINDOWS\SYSTEM32\VERSION.dll
0x00007ffeeff70000 - 0x00007ffeeff97000 	C:\WINDOWS\SYSTEM32\WINMM.dll
0x00007ffef5350000 - 0x00007ffef5359000 	C:\WINDOWS\SYSTEM32\WSOCK32.dll
0x00007ffefc710000 - 0x00007ffefc77b000 	C:\WINDOWS\System32\WS2_32.dll
0x00007ffef5400000 - 0x00007ffef540f000 	C:\pleiades\java\8\jre\bin\verify.dll
0x00007ffee23e0000 - 0x00007ffee2409000 	C:\pleiades\java\8\jre\bin\java.dll
0x00007ffee2360000 - 0x00007ffee2395000 	C:\pleiades\java\8\jre\bin\jdwp.dll
0x00007ffef53d0000 - 0x00007ffef53d8000 	C:\pleiades\java\8\jre\bin\npt.dll
0x00007ffee9450000 - 0x00007ffee9466000 	C:\pleiades\java\8\jre\bin\zip.dll
0x00007ffefbfc0000 - 0x00007ffefc704000 	C:\WINDOWS\System32\SHELL32.dll
0x00007ffef8d50000 - 0x00007ffef94e4000 	C:\WINDOWS\SYSTEM32\windows.storage.dll
0x00007ffefbaa0000 - 0x00007ffefbdf4000 	C:\WINDOWS\System32\combase.dll
0x00007ffefa5e0000 - 0x00007ffefa610000 	C:\WINDOWS\SYSTEM32\Wldp.dll
0x00007ffefd380000 - 0x00007ffefd42d000 	C:\WINDOWS\System32\SHCORE.dll
0x00007ffefca40000 - 0x00007ffefca95000 	C:\WINDOWS\System32\shlwapi.dll
0x00007ffefab90000 - 0x00007ffefabaf000 	C:\WINDOWS\SYSTEM32\profapi.dll
0x00007ffeed380000 - 0x00007ffeed389000 	C:\pleiades\java\8\jre\bin\dt_socket.dll
0x00007ffeecfa0000 - 0x00007ffeecfb7000 	C:\WINDOWS\system32\napinsp.dll
0x00007ffeecad0000 - 0x00007ffeecaeb000 	C:\WINDOWS\system32\pnrpnsp.dll
0x00007ffef5b20000 - 0x00007ffef5b35000 	C:\WINDOWS\system32\wshbth.dll
0x00007ffef5210000 - 0x00007ffef522d000 	C:\WINDOWS\system32\NLAapi.dll
0x00007ffefa030000 - 0x00007ffefa06b000 	C:\WINDOWS\SYSTEM32\IPHLPAPI.DLL
0x00007ffefa340000 - 0x00007ffefa3aa000 	C:\WINDOWS\System32\mswsock.dll
0x00007ffefa070000 - 0x00007ffefa13b000 	C:\WINDOWS\SYSTEM32\DNSAPI.dll
0x00007ffefd2f0000 - 0x00007ffefd2f8000 	C:\WINDOWS\System32\NSI.dll
0x00007ffeecab0000 - 0x00007ffeecac2000 	C:\WINDOWS\System32\winrnr.dll
0x00007ffef22b0000 - 0x00007ffef2330000 	C:\WINDOWS\System32\fwpuclnt.dll
0x00007ffefb020000 - 0x00007ffefb047000 	C:\WINDOWS\System32\bcrypt.dll
0x00007ffef1ae0000 - 0x00007ffef1aea000 	C:\Windows\System32\rasadhlp.dll
0x00007ffeea400000 - 0x00007ffeea40d000 	C:\pleiades\java\8\jre\bin\management.dll
0x00007ffee37d0000 - 0x00007ffee37ea000 	C:\pleiades\java\8\jre\bin\net.dll
0x00007ffeef9a0000 - 0x00007ffeefb8c000 	C:\WINDOWS\SYSTEM32\urlmon.dll
0x00007ffeeeef0000 - 0x00007ffeef1a1000 	C:\WINDOWS\SYSTEM32\iertutil.dll
0x00007ffefa190000 - 0x00007ffefa19c000 	C:\WINDOWS\SYSTEM32\netutils.dll
0x00007ffeef270000 - 0x00007ffeef298000 	C:\WINDOWS\SYSTEM32\srvcli.dll
0x00007ffee3330000 - 0x00007ffee3342000 	C:\pleiades\java\8\jre\bin\nio.dll
0x00007ffefa530000 - 0x00007ffefa548000 	C:\WINDOWS\SYSTEM32\CRYPTSP.dll
0x00007ffef9cc0000 - 0x00007ffef9cf4000 	C:\WINDOWS\system32\rsaenh.dll
0x00007ffefab50000 - 0x00007ffefab7e000 	C:\WINDOWS\SYSTEM32\USERENV.dll
0x00007ffefb260000 - 0x00007ffefb2e2000 	C:\WINDOWS\System32\bcryptprimitives.dll
0x00007ffefa550000 - 0x00007ffefa55c000 	C:\WINDOWS\SYSTEM32\CRYPTBASE.dll
0x00007ffef5160000 - 0x00007ffef5177000 	C:\WINDOWS\SYSTEM32\dhcpcsvc6.DLL
0x00007ffef5110000 - 0x00007ffef512d000 	C:\WINDOWS\SYSTEM32\dhcpcsvc.DLL
0x00007ffee2210000 - 0x00007ffee2234000 	C:\pleiades\java\8\jre\bin\sunec.dll
0x00007ffeea0f0000 - 0x00007ffeea0fb000 	C:\pleiades\java\8\jre\bin\sunmscapi.dll
0x00007ffefb100000 - 0x00007ffefb256000 	C:\WINDOWS\System32\CRYPT32.dll
0x00007ffef47d0000 - 0x00007ffef49b4000 	C:\WINDOWS\SYSTEM32\dbghelp.dll

VM Arguments:
jvm_args: -agentlib:jdwp=transport=dt_socket,suspend=y,address=localhost:56456 -Dcom.sun.management.jmxremote -Dcom.sun.management.jmxremote.port=56455 -Dcom.sun.management.jmxremote.authenticate=false -Dcom.sun.management.jmxremote.ssl=false -Djava.rmi.server.hostname=localhost -Dspring.application.admin.enabled=true -Xverify:none -XX:TieredStopAtLevel=1 -Dfile.encoding=UTF-8 
java_command: com.smc.SmcWebApplication --spring.output.ansi.enabled=always --spring.profiles.active=dev
java_class_path (initial): C:\workspace\smc-webcatalog\bin\main;C:\Users\tfujishima\.gradle\caches\modules-2\files-2.1\org.springframework.boot\spring-boot-starter-data-jpa\2.6.6\30942753cd29132913a5b642dc5b045c1cb18fd9\spring-boot-starter-data-jpa-2.6.6.jar;C:\Users\tfujishima\.gradle\caches\modules-2\files-2.1\org.springframework.boot\spring-boot-starter-thymeleaf\2.6.6\e5eace5a9f6aaf38ba51212934f34faeeb3181cf\spring-boot-starter-thymeleaf-2.6.6.jar;C:\Users\tfujishima\.gradle\caches\modules-2\files-2.1\org.springframework.boot\spring-boot-starter-web\2.6.6\7aa73898044e9fb7dc71dbf4d4e0f2fbcc7ce25f\spring-boot-starter-web-2.6.6.jar;C:\Users\tfujishima\.gradle\caches\modules-2\files-2.1\org.springframework.boot\spring-boot-starter-security\2.6.6\ec94a50b43f1dc868da98999ee607a88c3b538b5\spring-boot-starter-security-2.6.6.jar;C:\Users\tfujishima\.gradle\caches\modules-2\files-2.1\commons-httpclient\commons-httpclient\3.1\964cd74171f427720480efdec40a7c7f6e58426a\commons-httpclient-3.1.jar;C:\Users\tfujishima\.gradle\caches\modules-2\files-2.1\org.json\json\20201115\f8e7a9953822c90e0701c3cd50764b5e9063f85c\json-20201115.jar;C:\Users\tfujishima\.gradle\caches\modules-2\files-2.1\commons-io\commons-io\2.7\3f2bd4ba11c4162733c13cc90ca7c7ea09967102\commons-io-2.7.jar;C:\Users\tfujishima\.gradle\caches\modules-2\files-2.1\nz.net.ultraq.thymeleaf\thymeleaf-layout-dialect\3.0.0\901115ad80d4928d1d15f7dfa0bad99c1a006cc2\thymeleaf-layout-dialect-3.0.0.jar;C:\Users\tfujishima\.gradle\caches\modules-2\files-2.1\com.github.rozidan\modelmapper-spring-boot-starter\1.0.0\63b596ba489161eaa2f64bed305d106165dc422f\modelmapper-spring-boot-starter-1.0.0.jar;C:\Users\tfujishima\.gradle\caches\modules-2\files-2.1\org.springframework.boot\spring-boot-starter-data-mongodb\2.6.6\63101e651283cdc46244fde77321a2a94ba1638c\spring-boot-starter-data-mongodb-2.6.6.jar;C:\Users\tfujishima\.gradle\caches\modules-2\files-2.1\org.springframework.security\spring-security-config\5.6.2\7f2a684be033018f97ff6c
Launcher Type: SUN_STANDARD

Environment Variables:
PATH=C:\pleiades\java\8\jre\bin;C:/pleiades/eclipse/jre/bin/server;C:/pleiades/eclipse/jre/bin;C:\Program Files (x86)\Common Files\Oracle\Java\javapath;C:\Program Files (x86)\Intel\iCLS Client\;C:\Program Files\Intel\iCLS Client\;C:\WINDOWS\system32;C:\WINDOWS;C:\WINDOWS\System32\Wbem;C:\WINDOWS\System32\WindowsPowerShell\v1.0\;C:\Program Files (x86)\Intel\Intel(R) Management Engine Components\DAL;C:\Program Files\Intel\Intel(R) Management Engine Components\DAL;C:\Program Files (x86)\Intel\Intel(R) Management Engine Components\IPT;C:\Program Files\Intel\Intel(R) Management Engine Components\IPT;C:\Program Files (x86)\Windows Kits\8.1\Windows Performance Toolkit\;C:\Program Files\Microsoft SQL Server\110\Tools\Binn\;C:\Program Files\dotnet\;C:\Program Files\Microsoft SQL Server\130\Tools\Binn\;C:\WINDOWS\System32\OpenSSH\;C:\Program Files\EmEditor;D:\php-7.4.27;C:\composer;C:\Users\tfujishima\AppData\Local\Microsoft\WindowsApps;C:\Users\tfujishima\AppData\Local\atom\bin;C:\Users\tfujishima\AppData\Local\Microsoft\WindowsApps;C:\Users\tfujishima\AppData\Local\Programs\Microsoft VS Code\bin;C:\Users\tfujishima\.dotnet\tools;C:\Users\tfujishima\AppData\Roaming\Composer\vendor\bin;C:\pleiades\eclipse;
USERNAME=tfujishima
OS=Windows_NT
PROCESSOR_IDENTIFIER=Intel64 Family 6 Model 158 Stepping 9, GenuineIntel



---------------  S Y S T E M  ---------------

OS: Windows 10.0 , 64 bit Build 19041 (10.0.19041.1806)

CPU:total 8 (initial active 8) (4 cores per cpu, 2 threads per core) family 6 model 158 stepping 9, cmov, cx8, fxsr, mmx, sse, sse2, sse3, ssse3, sse4.1, sse4.2, popcnt, avx, avx2, aes, clmul, erms, rtm, 3dnowpref, lzcnt, ht, tsc, tscinvbit, bmi1, bmi2, adx

Memory: 4k page, physical 8299596k(443312k free), swap 18816928k(2744256k free)

vm_info: Java HotSpot(TM) 64-Bit Server VM (25.202-b08) for windows-amd64 JRE (1.8.0_202-b08), built on Dec 15 2018 19:54:30 by "java_re" with MS VC++ 10.0 (VS2010)

time: Tue Jul 26 23:09:01 2022
timezone: “Ś‹ž (•WŹ€Žž)
elapsed time: 26394 seconds (0d 7h 19m 54s)

