#
# A fatal error has been detected by the Java Runtime Environment:
#
#  EXCEPTION_ACCESS_VIOLATION (0xc0000005) at pc=0x0000000052193852, pid=20608, tid=0x0000000000004c8c
#
# JRE version: Java(TM) SE Runtime Environment (8.0_202-b08) (build 1.8.0_202-b08)
# Java VM: Java HotSpot(TM) 64-Bit Server VM (25.202-b08 mixed mode windows-amd64 compressed oops)
# Problematic frame:
# V  [jvm.dll+0x63852]
#
# Failed to write core dump. Minidumps are not enabled by default on client versions of Windows
#
# If you would like to submit a bug report, please visit:
#   http://bugreport.java.com/bugreport/crash.jsp
#

---------------  T H R E A D  ---------------

Current thread (0x0000000017a09800):  VMThread [stack: 0x0000000019700000,0x0000000019800000] [id=19596]

siginfo: ExceptionCode=0xc0000005, reading address 0x000000000a4e6fac

Registers:
RAX=0x000000000a4e6f6c, RBX=0x0000000000000000, RCX=0x000000001f70c110, RDX=0x0000000000000000
RSP=0x00000000197fef00, RBP=0x000000001ed17a20, RSI=0x000000001f70c110, RDI=0x000000000000000b
R8 =0x000000000000000b, R9 =0x0000000000000000, R10=0x0000000000008000, R11=0x0000000052737b58
R12=0x000000000000047b, R13=0x000000000000047a, R14=0x000000005278c150, R15=0x000000005290de80
RIP=0x0000000052193852, EFLAGS=0x0000000000010202

Top of Stack: (sp=0x00000000197fef00)
0x00000000197fef00:   0000000000000000 000000001ed17a20
0x00000000197fef10:   0000000023e75878 000000000000000b
0x00000000197fef20:   0000000000000000 000000005290de01
0x00000000197fef30:   0000000000000000 0000000052193bcd
0x00000000197fef40:   00000000197ff0e0 0000000000000008
0x00000000197fef50:   0000000000000000 0000000000000001
0x00000000197fef60:   000000005290df50 000000005219423f
0x00000000197fef70:   0000000052735600 0000000000000000
0x00000000197fef80:   0000080346c3dceb 00000000523be95d
0x00000000197fef90:   000000005278c150 0000000000000000
0x00000000197fefa0:   000000005290def0 00000000521a9a72
0x00000000197fefb0:   000000005290df50 00000000197ff0e0
0x00000000197fefc0:   0000000000000008 0000000000000000
0x00000000197fefd0:   0000000000000000 0000000052531e52
0x00000000197fefe0:   0000000017895420 0000000000000008
0x00000000197feff0:   0000000017895420 0000000000000008 

Instructions: (pc=0x0000000052193852)
0x0000000052193832:   cc 4d 63 ec 0f 88 09 01 00 00 41 ff c4 90 48 8b
0x0000000052193842:   45 40 48 8b 48 18 4a 8b 34 e9 48 8b ce 48 8b 06
0x0000000052193852:   ff 50 40 84 c0 0f 85 dc 00 00 00 4c 8b 4d 40 45
0x0000000052193862:   8b c4 45 3b 21 7d 31 4a 8d 14 ed 08 00 00 00 66 


Register to memory mapping:

RAX=0x000000000a4e6f6c is an unknown value
RBX=0x0000000000000000 is an unknown value
RCX=0x000000001f70c110 is pointing into metadata
RDX=0x0000000000000000 is an unknown value
RSP=0x00000000197fef00 is an unknown value
RBP=0x000000001ed17a20 is an unknown value
RSI=0x000000001f70c110 is pointing into metadata
RDI=0x000000000000000b is an unknown value
R8 =0x000000000000000b is an unknown value
R9 =0x0000000000000000 is an unknown value
R10=0x0000000000008000 is an unknown value
R11=0x0000000052737b58 is an unknown value
R12=0x000000000000047b is an unknown value
R13=0x000000000000047a is an unknown value
R14=0x000000005278c150 is an unknown value
R15=0x000000005290de80 is an unknown value


Stack: [0x0000000019700000,0x0000000019800000],  sp=0x00000000197fef00,  free space=1019k
Native frames: (J=compiled Java code, j=interpreted, Vv=VM code, C=native code)
V  [jvm.dll+0x63852]
V  [jvm.dll+0x63bcd]
V  [jvm.dll+0x6423f]
V  [jvm.dll+0x79a72]
V  [jvm.dll+0x401e52]
V  [jvm.dll+0x4031ba]
V  [jvm.dll+0x4037db]
V  [jvm.dll+0x409535]
V  [jvm.dll+0x24d5d7]
V  [jvm.dll+0x24c876]
V  [jvm.dll+0x24cd11]
V  [jvm.dll+0x24cf2e]
V  [jvm.dll+0x29fc6a]
C  [msvcr100.dll+0x21d9f]
C  [msvcr100.dll+0x21e3b]
C  [KERNEL32.DLL+0x17034]
C  [ntdll.dll+0x52651]

VM_Operation (0x000000001fb1f080): ParallelGCSystemGC, mode: safepoint, requested by thread 0x0000000022d45800


---------------  P R O C E S S  ---------------

Java Threads: ( => current thread )
  0x0000000022d45800 JavaThread "Thread-17" [_thread_blocked, id=14904, stack(0x000000001fa20000,0x000000001fb20000)]
  0x0000000022d46800 JavaThread "http-nio-8080-exec-2" daemon [_thread_blocked, id=19644, stack(0x0000000021a20000,0x0000000021b20000)]
  0x000000001effc800 JavaThread "DestroyJavaVM" [_thread_blocked, id=8484, stack(0x0000000002850000,0x0000000002950000)]
  0x000000001e793000 JavaThread "Live Reload Server" daemon [_thread_in_native, id=2924, stack(0x0000000020d20000,0x0000000020e20000)]
  0x000000001c19a000 JavaThread "JMX server connection timeout 26" daemon [_thread_blocked, id=18064, stack(0x000000001db50000,0x000000001dc50000)]
  0x000000001c116800 JavaThread "RMI Scheduler(0)" daemon [_thread_blocked, id=5632, stack(0x000000001d850000,0x000000001d950000)]
  0x000000001c115000 JavaThread "RMI TCP Connection(idle)" daemon [_thread_blocked, id=14232, stack(0x000000001d750000,0x000000001d850000)]
  0x000000001ae67000 JavaThread "RMI TCP Accept-0" daemon [_thread_in_native, id=15272, stack(0x000000001b2a0000,0x000000001b3a0000)]
  0x000000001ae64800 JavaThread "RMI TCP Accept-61373" daemon [_thread_in_native, id=15724, stack(0x000000001b1a0000,0x000000001b2a0000)]
  0x000000001ae52800 JavaThread "RMI TCP Accept-0" daemon [_thread_in_native, id=9936, stack(0x000000001b0a0000,0x000000001b1a0000)]
  0x0000000019963000 JavaThread "Service Thread" daemon [_thread_blocked, id=8644, stack(0x000000001a7a0000,0x000000001a8a0000)]
  0x00000000198cb800 JavaThread "C1 CompilerThread3" daemon [_thread_blocked, id=13832, stack(0x000000001a6a0000,0x000000001a7a0000)]
  0x00000000198ca800 JavaThread "C2 CompilerThread2" daemon [_thread_blocked, id=17512, stack(0x000000001a5a0000,0x000000001a6a0000)]
  0x00000000198c2000 JavaThread "C2 CompilerThread1" daemon [_thread_blocked, id=6848, stack(0x000000001a4a0000,0x000000001a5a0000)]
  0x00000000198b9000 JavaThread "C2 CompilerThread0" daemon [_thread_blocked, id=15568, stack(0x000000001a3a0000,0x000000001a4a0000)]
  0x00000000198a4000 JavaThread "JDWP Command Reader" daemon [_thread_blocked, id=4452, stack(0x000000001a2a0000,0x000000001a3a0000)]
  0x00000000198a2800 JavaThread "JDWP Event Helper Thread" daemon [_thread_blocked, id=19804, stack(0x000000001a1a0000,0x000000001a2a0000)]
  0x00000000198a1000 JavaThread "JDWP Transport Listener: dt_socket" daemon [_thread_blocked, id=5884, stack(0x000000001a0a0000,0x000000001a1a0000)]
  0x000000001983d000 JavaThread "Attach Listener" daemon [_thread_blocked, id=9000, stack(0x0000000019fa0000,0x000000001a0a0000)]
  0x0000000019893800 JavaThread "Signal Dispatcher" daemon [_thread_blocked, id=21428, stack(0x0000000019ea0000,0x0000000019fa0000)]
  0x0000000019821000 JavaThread "Finalizer" daemon [_thread_blocked, id=18784, stack(0x0000000019d00000,0x0000000019e00000)]
  0x0000000019820800 JavaThread "Reference Handler" daemon [_thread_blocked, id=18704, stack(0x0000000019c00000,0x0000000019d00000)]

Other Threads:
=>0x0000000017a09800 VMThread [stack: 0x0000000019700000,0x0000000019800000] [id=19596]
  0x000000001ae6e800 WatcherThread [stack: 0x000000001b3a0000,0x000000001b4a0000] [id=18972]

VM state:at safepoint (normal execution)

VM Mutex/Monitor currently owned by a thread:  ([mutex/lock_event])
[0x0000000002958ae0] Threads_lock - owner thread: 0x0000000017a09800
[0x0000000002958960] Heap_lock - owner thread: 0x0000000022d45800

heap address: 0x0000000081400000, size: 2028 MB, Compressed Oops mode: 32-bit
Narrow klass base: 0x0000000000000000, Narrow klass shift: 3
Compressed class space size: 1073741824 Address: 0x0000000100000000

Heap:
 PSYoungGen      total 677888K, used 1680K [0x00000000d5c00000, 0x00000000ffc80000, 0x0000000100000000)
  eden space 668160K, 0% used [0x00000000d5c00000,0x00000000d5c00000,0x00000000fe880000)
  from space 9728K, 17% used [0x00000000ff300000,0x00000000ff4a4020,0x00000000ffc80000)
  to   space 10240K, 0% used [0x00000000fe880000,0x00000000fe880000,0x00000000ff280000)
 ParOldGen       total 155136K, used 45205K [0x0000000081400000, 0x000000008ab80000, 0x00000000d5c00000)
  object space 155136K, 29% used [0x0000000081400000,0x0000000084025770,0x000000008ab80000)
 Metaspace       used 105690K, capacity 111832K, committed 112256K, reserved 1150976K
  class space    used 10270K, capacity 11293K, committed 11392K, reserved 1048576K

Card table byte_map: [0x0000000011e10000,0x0000000012210000] byte_map_base: 0x0000000011a06000

Marking Bits: (ParMarkBitMap*) 0x0000000052955ce0
 Begin Bits: [0x0000000012cc0000, 0x0000000014c70000)
 End Bits:   [0x0000000014c70000, 0x0000000016c20000)

Polling page: 0x0000000000b40000

CodeCache: size=245760Kb used=26683Kb max_used=26683Kb free=219076Kb
 bounds [0x0000000002a50000, 0x0000000004470000, 0x0000000011a50000]
 total_blobs=13828 nmethods=12963 adapters=783
 compilation: enabled

Compilation events (10 events):
Event: 349265.318 Thread 0x00000000198cb800 13197       1       java.util.regex.Pattern$Curly::study (153 bytes)
Event: 349265.318 Thread 0x00000000198cb800 nmethod 13197 0x0000000004461790 code [0x0000000004461900, 0x0000000004461b58]
Event: 349265.596 Thread 0x00000000198cb800 13198       1       java.util.concurrent.locks.AbstractQueuedSynchronizer::transferAfterCancelledWait (34 bytes)
Event: 349265.596 Thread 0x00000000198cb800 nmethod 13198 0x0000000004461c50 code [0x0000000004461dc0, 0x0000000004461ff8]
Event: 349265.616 Thread 0x00000000198cb800 13199   !   1       org.hibernate.internal.util.collections.BoundedConcurrentHashMap$Segment::clear (73 bytes)
Event: 349265.616 Thread 0x00000000198cb800 nmethod 13199 0x0000000004462190 code [0x0000000004462320, 0x0000000004462598]
Event: 349265.618 Thread 0x00000000198cb800 13200       1       java.util.concurrent.ConcurrentHashMap$BaseIterator::remove (37 bytes)
Event: 349265.618 Thread 0x00000000198cb800 nmethod 13200 0x00000000044627d0 code [0x0000000004462960, 0x0000000004462b98]
Event: 349265.625 Thread 0x00000000198cb800 13201       1       java.io.OutputStream::write (9 bytes)
Event: 349265.625 Thread 0x00000000198cb800 nmethod 13201 0x0000000004462cd0 code [0x0000000004462e40, 0x0000000004462fa8]

GC Heap History (10 events):
Event: 348559.997 GC heap after
Heap after GC invocations=26959 (full 7):
 PSYoungGen      total 677376K, used 1328K [0x00000000d5c00000, 0x00000000ffd00000, 0x0000000100000000)
  eden space 667136K, 0% used [0x00000000d5c00000,0x00000000d5c00000,0x00000000fe780000)
  from space 10240K, 12% used [0x00000000ff200000,0x00000000ff34c010,0x00000000ffc00000)
  to   space 10752K, 0% used [0x00000000fe780000,0x00000000fe780000,0x00000000ff200000)
 ParOldGen       total 155136K, used 44653K [0x0000000081400000, 0x000000008ab80000, 0x00000000d5c00000)
  object space 155136K, 28% used [0x0000000081400000,0x0000000083f9b770,0x000000008ab80000)
 Metaspace       used 105313K, capacity 111476K, committed 112000K, reserved 1150976K
  class space    used 10245K, capacity 11270K, committed 11392K, reserved 1048576K
}
Event: 348775.837 GC heap before
{Heap before GC invocations=26960 (full 7):
 PSYoungGen      total 677376K, used 668464K [0x00000000d5c00000, 0x00000000ffd00000, 0x0000000100000000)
  eden space 667136K, 100% used [0x00000000d5c00000,0x00000000fe780000,0x00000000fe780000)
  from space 10240K, 12% used [0x00000000ff200000,0x00000000ff34c010,0x00000000ffc00000)
  to   space 10752K, 0% used [0x00000000fe780000,0x00000000fe780000,0x00000000ff200000)
 ParOldGen       total 155136K, used 44653K [0x0000000081400000, 0x000000008ab80000, 0x00000000d5c00000)
  object space 155136K, 28% used [0x0000000081400000,0x0000000083f9b770,0x000000008ab80000)
 Metaspace       used 105313K, capacity 111476K, committed 112000K, reserved 1150976K
  class space    used 10245K, capacity 11270K, committed 11392K, reserved 1048576K
Event: 348775.845 GC heap after
Heap after GC invocations=26960 (full 7):
 PSYoungGen      total 677888K, used 800K [0x00000000d5c00000, 0x00000000ffd00000, 0x0000000100000000)
  eden space 667136K, 0% used [0x00000000d5c00000,0x00000000d5c00000,0x00000000fe780000)
  from space 10752K, 7% used [0x00000000fe780000,0x00000000fe848000,0x00000000ff200000)
  to   space 10752K, 0% used [0x00000000ff280000,0x00000000ff280000,0x00000000ffd00000)
 ParOldGen       total 155136K, used 45189K [0x0000000081400000, 0x000000008ab80000, 0x00000000d5c00000)
  object space 155136K, 29% used [0x0000000081400000,0x0000000084021770,0x000000008ab80000)
 Metaspace       used 105313K, capacity 111476K, committed 112000K, reserved 1150976K
  class space    used 10245K, capacity 11270K, committed 11392K, reserved 1048576K
}
Event: 348991.390 GC heap before
{Heap before GC invocations=26961 (full 7):
 PSYoungGen      total 677888K, used 667936K [0x00000000d5c00000, 0x00000000ffd00000, 0x0000000100000000)
  eden space 667136K, 100% used [0x00000000d5c00000,0x00000000fe780000,0x00000000fe780000)
  from space 10752K, 7% used [0x00000000fe780000,0x00000000fe848000,0x00000000ff200000)
  to   space 10752K, 0% used [0x00000000ff280000,0x00000000ff280000,0x00000000ffd00000)
 ParOldGen       total 155136K, used 45189K [0x0000000081400000, 0x000000008ab80000, 0x00000000d5c00000)
  object space 155136K, 29% used [0x0000000081400000,0x0000000084021770,0x000000008ab80000)
 Metaspace       used 105313K, capacity 111476K, committed 112000K, reserved 1150976K
  class space    used 10245K, capacity 11270K, committed 11392K, reserved 1048576K
Event: 348991.394 GC heap after
Heap after GC invocations=26961 (full 7):
 PSYoungGen      total 678400K, used 288K [0x00000000d5c00000, 0x00000000ffd00000, 0x0000000100000000)
  eden space 667648K, 0% used [0x00000000d5c00000,0x00000000d5c00000,0x00000000fe800000)
  from space 10752K, 2% used [0x00000000ff280000,0x00000000ff2c8000,0x00000000ffd00000)
  to   space 10752K, 0% used [0x00000000fe800000,0x00000000fe800000,0x00000000ff280000)
 ParOldGen       total 155136K, used 45189K [0x0000000081400000, 0x000000008ab80000, 0x00000000d5c00000)
  object space 155136K, 29% used [0x0000000081400000,0x0000000084021770,0x000000008ab80000)
 Metaspace       used 105313K, capacity 111476K, committed 112000K, reserved 1150976K
  class space    used 10245K, capacity 11270K, committed 11392K, reserved 1048576K
}
Event: 349197.890 GC heap before
{Heap before GC invocations=26962 (full 7):
 PSYoungGen      total 678400K, used 667936K [0x00000000d5c00000, 0x00000000ffd00000, 0x0000000100000000)
  eden space 667648K, 100% used [0x00000000d5c00000,0x00000000fe800000,0x00000000fe800000)
  from space 10752K, 2% used [0x00000000ff280000,0x00000000ff2c8000,0x00000000ffd00000)
  to   space 10752K, 0% used [0x00000000fe800000,0x00000000fe800000,0x00000000ff280000)
 ParOldGen       total 155136K, used 45189K [0x0000000081400000, 0x000000008ab80000, 0x00000000d5c00000)
  object space 155136K, 29% used [0x0000000081400000,0x0000000084021770,0x000000008ab80000)
 Metaspace       used 105473K, capacity 111698K, committed 112000K, reserved 1150976K
  class space    used 10267K, capacity 11291K, committed 11392K, reserved 1048576K
Event: 349197.904 GC heap after
Heap after GC invocations=26962 (full 7):
 PSYoungGen      total 678400K, used 2752K [0x00000000d5c00000, 0x00000000ffd80000, 0x0000000100000000)
  eden space 667648K, 0% used [0x00000000d5c00000,0x00000000d5c00000,0x00000000fe800000)
  from space 10752K, 25% used [0x00000000fe800000,0x00000000feab00d0,0x00000000ff280000)
  to   space 10752K, 0% used [0x00000000ff300000,0x00000000ff300000,0x00000000ffd80000)
 ParOldGen       total 155136K, used 45197K [0x0000000081400000, 0x000000008ab80000, 0x00000000d5c00000)
  object space 155136K, 29% used [0x0000000081400000,0x0000000084023770,0x000000008ab80000)
 Metaspace       used 105473K, capacity 111698K, committed 112000K, reserved 1150976K
  class space    used 10267K, capacity 11291K, committed 11392K, reserved 1048576K
}
Event: 349265.628 GC heap before
{Heap before GC invocations=26963 (full 7):
 PSYoungGen      total 678400K, used 222760K [0x00000000d5c00000, 0x00000000ffd80000, 0x0000000100000000)
  eden space 667648K, 32% used [0x00000000d5c00000,0x00000000e32da1e8,0x00000000fe800000)
  from space 10752K, 25% used [0x00000000fe800000,0x00000000feab00d0,0x00000000ff280000)
  to   space 10752K, 0% used [0x00000000ff300000,0x00000000ff300000,0x00000000ffd80000)
 ParOldGen       total 155136K, used 45197K [0x0000000081400000, 0x000000008ab80000, 0x00000000d5c00000)
  object space 155136K, 29% used [0x0000000081400000,0x0000000084023770,0x000000008ab80000)
 Metaspace       used 105690K, capacity 111832K, committed 112256K, reserved 1150976K
  class space    used 10270K, capacity 11293K, committed 11392K, reserved 1048576K
Event: 349265.632 GC heap after
Heap after GC invocations=26963 (full 7):
 PSYoungGen      total 677888K, used 1680K [0x00000000d5c00000, 0x00000000ffc80000, 0x0000000100000000)
  eden space 668160K, 0% used [0x00000000d5c00000,0x00000000d5c00000,0x00000000fe880000)
  from space 9728K, 17% used [0x00000000ff300000,0x00000000ff4a4020,0x00000000ffc80000)
  to   space 10240K, 0% used [0x00000000fe880000,0x00000000fe880000,0x00000000ff280000)
 ParOldGen       total 155136K, used 45205K [0x0000000081400000, 0x000000008ab80000, 0x00000000d5c00000)
  object space 155136K, 29% used [0x0000000081400000,0x0000000084025770,0x000000008ab80000)
 Metaspace       used 105690K, capacity 111832K, committed 112256K, reserved 1150976K
  class space    used 10270K, capacity 11293K, committed 11392K, reserved 1048576K
}
Event: 349265.632 GC heap before
{Heap before GC invocations=26964 (full 8):
 PSYoungGen      total 677888K, used 1680K [0x00000000d5c00000, 0x00000000ffc80000, 0x0000000100000000)
  eden space 668160K, 0% used [0x00000000d5c00000,0x00000000d5c00000,0x00000000fe880000)
  from space 9728K, 17% used [0x00000000ff300000,0x00000000ff4a4020,0x00000000ffc80000)
  to   space 10240K, 0% used [0x00000000fe880000,0x00000000fe880000,0x00000000ff280000)
 ParOldGen       total 155136K, used 45205K [0x0000000081400000, 0x000000008ab80000, 0x00000000d5c00000)
  object space 155136K, 29% used [0x0000000081400000,0x0000000084025770,0x000000008ab80000)
 Metaspace       used 105690K, capacity 111832K, committed 112256K, reserved 1150976K
  class space    used 10270K, capacity 11293K, committed 11392K, reserved 1048576K

Deoptimization events (0 events):
No events

Classes redefined (10 events):
Event: 345163.140 Thread 0x0000000017a09800 redefined class name=com.smc.webcatalog.web.SeriesController, count=1
Event: 345163.172 Thread 0x0000000017a09800 redefined class name=com.smc.webcatalog.web.PreviewController, count=1
Event: 345163.203 Thread 0x0000000017a09800 redefined class name=com.smc.webcatalog.web.SeriesController, count=1
Event: 345163.238 Thread 0x0000000017a09800 redefined class name=com.smc.discontinued.api.DiscontinuedProductRestController, count=1
Event: 345163.270 Thread 0x0000000017a09800 redefined class name=com.smc.discontinued.api.DiscontinuedProductRestController, count=1
Event: 345163.301 Thread 0x0000000017a09800 redefined class name=com.smc.webcatalog.model.SeriesHtml, count=2
Event: 349263.270 Thread 0x0000000017a09800 redefined class name=com.smc.webcatalog.model.SeriesHtml, count=2
Event: 349263.305 Thread 0x0000000017a09800 redefined class name=com.smc.webcatalog.model.SeriesHtml, count=5
Event: 349263.339 Thread 0x0000000017a09800 redefined class name=com.smc.webcatalog.model.SeriesHtml, count=4
Event: 349263.373 Thread 0x0000000017a09800 redefined class name=com.smc.webcatalog.model.SeriesHtml, count=3

Internal exceptions (10 events):
Event: 349084.278 Thread 0x000000001f000000 Exception <a 'java/lang/ArrayIndexOutOfBoundsException'> (0x00000000e8ff2430) thrown at [C:\re\workspace\8-2-build-windows-amd64-cygwin\jdk8u202\12323\hotspot\src\share\vm\runtime\sharedRuntime.cpp, line 605]
Event: 349091.753 Thread 0x000000001f001000 Exception <a 'java/lang/reflect/InvocationTargetException'> (0x00000000ea154740) thrown at [C:\re\workspace\8-2-build-windows-amd64-cygwin\jdk8u202\12323\hotspot\src\share\vm\runtime\reflection.cpp, line 1092]
Event: 349091.755 Thread 0x000000001f001000 Exception <a 'java/lang/ArrayIndexOutOfBoundsException'> (0x00000000ea1876b8) thrown at [C:\re\workspace\8-2-build-windows-amd64-cygwin\jdk8u202\12323\hotspot\src\share\vm\runtime\sharedRuntime.cpp, line 605]
Event: 349091.756 Thread 0x000000001f001000 Exception <a 'java/lang/ArrayIndexOutOfBoundsException'> (0x00000000ea18bf00) thrown at [C:\re\workspace\8-2-build-windows-amd64-cygwin\jdk8u202\12323\hotspot\src\share\vm\runtime\sharedRuntime.cpp, line 605]
Event: 349091.758 Thread 0x000000001f001000 Exception <a 'java/lang/ArrayIndexOutOfBoundsException'> (0x00000000ea1af360) thrown at [C:\re\workspace\8-2-build-windows-amd64-cygwin\jdk8u202\12323\hotspot\src\share\vm\runtime\sharedRuntime.cpp, line 605]
Event: 349091.759 Thread 0x000000001f001000 Exception <a 'java/lang/ArrayIndexOutOfBoundsException'> (0x00000000ea1c42c0) thrown at [C:\re\workspace\8-2-build-windows-amd64-cygwin\jdk8u202\12323\hotspot\src\share\vm\runtime\sharedRuntime.cpp, line 605]
Event: 349091.759 Thread 0x000000001f001000 Exception <a 'java/lang/ArrayIndexOutOfBoundsException'> (0x00000000ea1c5470) thrown at [C:\re\workspace\8-2-build-windows-amd64-cygwin\jdk8u202\12323\hotspot\src\share\vm\runtime\sharedRuntime.cpp, line 605]
Event: 349265.600 Thread 0x000000001effa000 Exception <a 'java/lang/InterruptedException': sleep interrupted> (0x00000000e305f1f0) thrown at [C:\re\workspace\8-2-build-windows-amd64-cygwin\jdk8u202\12323\hotspot\src\share\vm\prims\jvm.cpp, line 3336]
Event: 349265.606 Thread 0x000000001eff7000 Exception <a 'java/lang/InterruptedException': sleep interrupted> (0x00000000e1e03fc8) thrown at [C:\re\workspace\8-2-build-windows-amd64-cygwin\jdk8u202\12323\hotspot\src\share\vm\prims\jvm.cpp, line 3336]
Event: 349265.613 Thread 0x000000001effb000 Exception <a 'java/lang/InterruptedException': sleep interrupted> (0x00000000e1dfbe38) thrown at [C:\re\workspace\8-2-build-windows-amd64-cygwin\jdk8u202\12323\hotspot\src\share\vm\prims\jvm.cpp, line 3336]

Events (10 events):
Event: 349265.625 Executing VM operation: RevokeBias
Event: 349265.625 Executing VM operation: RevokeBias done
Event: 349265.625 Executing VM operation: RevokeBias
Event: 349265.625 Executing VM operation: RevokeBias done
Event: 349265.625 Executing VM operation: RevokeBias
Event: 349265.625 Executing VM operation: RevokeBias done
Event: 349265.625 Executing VM operation: RevokeBias
Event: 349265.625 Executing VM operation: RevokeBias done
Event: 349265.625 Thread 0x0000000022d40800 Thread exited: 0x0000000022d40800
Event: 349265.627 Executing VM operation: ParallelGCSystemGC


Dynamic libraries:
0x00007ff6e0310000 - 0x00007ff6e0347000 	C:\pleiades\java\8\bin\javaw.exe
0x00007ffcf1dd0000 - 0x00007ffcf1fc7000 	C:\WINDOWS\SYSTEM32\ntdll.dll
0x00007ffcf1600000 - 0x00007ffcf16bd000 	C:\WINDOWS\System32\KERNEL32.DLL
0x00007ffcefb60000 - 0x00007ffcefe2d000 	C:\WINDOWS\System32\KERNELBASE.dll
0x00007ffcecbd0000 - 0x00007ffcecc60000 	C:\WINDOWS\SYSTEM32\apphelp.dll
0x00007ffcf14b0000 - 0x00007ffcf155e000 	C:\WINDOWS\System32\ADVAPI32.dll
0x00007ffcf1560000 - 0x00007ffcf15fe000 	C:\WINDOWS\System32\msvcrt.dll
0x00007ffcf1190000 - 0x00007ffcf122c000 	C:\WINDOWS\System32\sechost.dll
0x00007ffcefe30000 - 0x00007ffceff55000 	C:\WINDOWS\System32\RPCRT4.dll
0x00007ffcf1310000 - 0x00007ffcf14b0000 	C:\WINDOWS\System32\USER32.dll
0x00007ffcef970000 - 0x00007ffcef992000 	C:\WINDOWS\System32\win32u.dll
0x00007ffcf1750000 - 0x00007ffcf177a000 	C:\WINDOWS\System32\GDI32.dll
0x00007ffcef4f0000 - 0x00007ffcef5fb000 	C:\WINDOWS\System32\gdi32full.dll
0x00007ffcef8d0000 - 0x00007ffcef96d000 	C:\WINDOWS\System32\msvcp_win.dll
0x00007ffcef600000 - 0x00007ffcef700000 	C:\WINDOWS\System32\ucrtbase.dll
0x00007ffcccdd0000 - 0x00007ffccd06a000 	C:\WINDOWS\WinSxS\amd64_microsoft.windows.common-controls_6595b64144ccf1df_6.0.19041.1110_none_60b5254171f9507e\COMCTL32.dll
0x00007ffcf00f0000 - 0x00007ffcf0120000 	C:\WINDOWS\System32\IMM32.DLL
0x0000000052d10000 - 0x0000000052de2000 	C:\pleiades\java\8\jre\bin\msvcr100.dll
0x0000000052130000 - 0x00000000529d5000 	C:\pleiades\java\8\jre\bin\server\jvm.dll
0x00007ffcf0b10000 - 0x00007ffcf0b18000 	C:\WINDOWS\System32\PSAPI.DLL
0x00007ffce1530000 - 0x00007ffce1539000 	C:\WINDOWS\SYSTEM32\WSOCK32.dll
0x00007ffce5730000 - 0x00007ffce5757000 	C:\WINDOWS\SYSTEM32\WINMM.dll
0x00007ffcf0b20000 - 0x00007ffcf0b8b000 	C:\WINDOWS\System32\WS2_32.dll
0x00007ffce75d0000 - 0x00007ffce75da000 	C:\WINDOWS\SYSTEM32\VERSION.dll
0x00007ffcea720000 - 0x00007ffcea72f000 	C:\pleiades\java\8\jre\bin\verify.dll
0x00007ffce3790000 - 0x00007ffce37b9000 	C:\pleiades\java\8\jre\bin\java.dll
0x00007ffce3700000 - 0x00007ffce3735000 	C:\pleiades\java\8\jre\bin\jdwp.dll
0x00007ffce8e20000 - 0x00007ffce8e28000 	C:\pleiades\java\8\jre\bin\npt.dll
0x00007ffce89f0000 - 0x00007ffce8a06000 	C:\pleiades\java\8\jre\bin\zip.dll
0x00007ffcf0120000 - 0x00007ffcf0864000 	C:\WINDOWS\System32\SHELL32.dll
0x00007ffced480000 - 0x00007ffcedc14000 	C:\WINDOWS\SYSTEM32\windows.storage.dll
0x00007ffcf0d60000 - 0x00007ffcf10b4000 	C:\WINDOWS\System32\combase.dll
0x00007ffceee80000 - 0x00007ffceeeac000 	C:\WINDOWS\SYSTEM32\Wldp.dll
0x00007ffcf0040000 - 0x00007ffcf00ed000 	C:\WINDOWS\System32\SHCORE.dll
0x00007ffceff60000 - 0x00007ffceffb5000 	C:\WINDOWS\System32\shlwapi.dll
0x00007ffcef430000 - 0x00007ffcef44f000 	C:\WINDOWS\SYSTEM32\profapi.dll
0x00007ffce50e0000 - 0x00007ffce50e9000 	C:\pleiades\java\8\jre\bin\dt_socket.dll
0x00007ffce1720000 - 0x00007ffce1737000 	C:\WINDOWS\system32\napinsp.dll
0x00007ffce1700000 - 0x00007ffce171b000 	C:\WINDOWS\system32\pnrpnsp.dll
0x00007ffcea6f0000 - 0x00007ffcea705000 	C:\WINDOWS\system32\wshbth.dll
0x00007ffcea080000 - 0x00007ffcea09d000 	C:\WINDOWS\system32\NLAapi.dll
0x00007ffcee8d0000 - 0x00007ffcee90b000 	C:\WINDOWS\SYSTEM32\IPHLPAPI.DLL
0x00007ffceebe0000 - 0x00007ffceec4a000 	C:\WINDOWS\System32\mswsock.dll
0x00007ffcee910000 - 0x00007ffcee9db000 	C:\WINDOWS\SYSTEM32\DNSAPI.dll
0x00007ffcf1720000 - 0x00007ffcf1728000 	C:\WINDOWS\System32\NSI.dll
0x00007ffce1740000 - 0x00007ffce1752000 	C:\WINDOWS\System32\winrnr.dll
0x00007ffce7210000 - 0x00007ffce7290000 	C:\WINDOWS\System32\fwpuclnt.dll
0x00007ffcefb30000 - 0x00007ffcefb57000 	C:\WINDOWS\System32\bcrypt.dll
0x00007ffce6a20000 - 0x00007ffce6a2a000 	C:\Windows\System32\rasadhlp.dll
0x00007ffce3820000 - 0x00007ffce382d000 	C:\pleiades\java\8\jre\bin\management.dll
0x00007ffce3760000 - 0x00007ffce377a000 	C:\pleiades\java\8\jre\bin\net.dll
0x00007ffce4770000 - 0x00007ffce495c000 	C:\WINDOWS\SYSTEM32\urlmon.dll
0x00007ffce43b0000 - 0x00007ffce4661000 	C:\WINDOWS\SYSTEM32\iertutil.dll
0x00007ffce4680000 - 0x00007ffce46a8000 	C:\WINDOWS\SYSTEM32\srvcli.dll
0x00007ffcee9e0000 - 0x00007ffcee9ec000 	C:\WINDOWS\SYSTEM32\netutils.dll
0x00007ffcd6d00000 - 0x00007ffcd6d12000 	C:\pleiades\java\8\jre\bin\nio.dll
0x00007ffceedd0000 - 0x00007ffceede8000 	C:\WINDOWS\SYSTEM32\CRYPTSP.dll
0x00007ffcee560000 - 0x00007ffcee594000 	C:\WINDOWS\system32\rsaenh.dll
0x00007ffcef3f0000 - 0x00007ffcef41e000 	C:\WINDOWS\SYSTEM32\USERENV.dll
0x00007ffcef9a0000 - 0x00007ffcefa22000 	C:\WINDOWS\System32\bcryptprimitives.dll
0x00007ffceedf0000 - 0x00007ffceedfc000 	C:\WINDOWS\SYSTEM32\CRYPTBASE.dll
0x00007ffce9d80000 - 0x00007ffce9d97000 	C:\WINDOWS\SYSTEM32\dhcpcsvc6.DLL
0x00007ffce9cb0000 - 0x00007ffce9ccd000 	C:\WINDOWS\SYSTEM32\dhcpcsvc.DLL
0x00007ffcd69a0000 - 0x00007ffcd69c4000 	C:\pleiades\java\8\jre\bin\sunec.dll
0x00007ffce3810000 - 0x00007ffce381b000 	C:\pleiades\java\8\jre\bin\sunmscapi.dll
0x00007ffcef770000 - 0x00007ffcef8c6000 	C:\WINDOWS\System32\CRYPT32.dll
0x00007ffce9a80000 - 0x00007ffce9c64000 	C:\WINDOWS\SYSTEM32\dbghelp.dll

VM Arguments:
jvm_args: -agentlib:jdwp=transport=dt_socket,suspend=y,address=localhost:61374 -Dcom.sun.management.jmxremote -Dcom.sun.management.jmxremote.port=61373 -Dcom.sun.management.jmxremote.authenticate=false -Dcom.sun.management.jmxremote.ssl=false -Djava.rmi.server.hostname=localhost -Dspring.application.admin.enabled=true -Xverify:none -XX:TieredStopAtLevel=1 -Dfile.encoding=UTF-8 
java_command: com.smc.SmcWebApplication --spring.output.ansi.enabled=always
java_class_path (initial): C:\workspace\smc-webcatalog\bin\main;C:\Users\tfujishima\.gradle\caches\modules-2\files-2.1\org.springframework.boot\spring-boot-starter-data-jpa\2.6.6\30942753cd29132913a5b642dc5b045c1cb18fd9\spring-boot-starter-data-jpa-2.6.6.jar;C:\Users\tfujishima\.gradle\caches\modules-2\files-2.1\org.springframework.boot\spring-boot-starter-thymeleaf\2.6.6\e5eace5a9f6aaf38ba51212934f34faeeb3181cf\spring-boot-starter-thymeleaf-2.6.6.jar;C:\Users\tfujishima\.gradle\caches\modules-2\files-2.1\org.springframework.boot\spring-boot-starter-web\2.6.6\7aa73898044e9fb7dc71dbf4d4e0f2fbcc7ce25f\spring-boot-starter-web-2.6.6.jar;C:\Users\tfujishima\.gradle\caches\modules-2\files-2.1\org.springframework.boot\spring-boot-starter-security\2.6.6\ec94a50b43f1dc868da98999ee607a88c3b538b5\spring-boot-starter-security-2.6.6.jar;C:\Users\tfujishima\.gradle\caches\modules-2\files-2.1\commons-httpclient\commons-httpclient\3.1\964cd74171f427720480efdec40a7c7f6e58426a\commons-httpclient-3.1.jar;C:\Users\tfujishima\.gradle\caches\modules-2\files-2.1\org.json\json\20201115\f8e7a9953822c90e0701c3cd50764b5e9063f85c\json-20201115.jar;C:\Users\tfujishima\.gradle\caches\modules-2\files-2.1\commons-io\commons-io\2.7\3f2bd4ba11c4162733c13cc90ca7c7ea09967102\commons-io-2.7.jar;C:\Users\tfujishima\.gradle\caches\modules-2\files-2.1\nz.net.ultraq.thymeleaf\thymeleaf-layout-dialect\3.0.0\901115ad80d4928d1d15f7dfa0bad99c1a006cc2\thymeleaf-layout-dialect-3.0.0.jar;C:\Users\tfujishima\.gradle\caches\modules-2\files-2.1\com.github.rozidan\modelmapper-spring-boot-starter\1.0.0\63b596ba489161eaa2f64bed305d106165dc422f\modelmapper-spring-boot-starter-1.0.0.jar;C:\Users\tfujishima\.gradle\caches\modules-2\files-2.1\org.springframework.boot\spring-boot-starter-data-mongodb\2.6.6\63101e651283cdc46244fde77321a2a94ba1638c\spring-boot-starter-data-mongodb-2.6.6.jar;C:\Users\tfujishima\.gradle\caches\modules-2\files-2.1\org.springframework.security\spring-security-config\5.6.2\7f2a684be033018f97ff6c
Launcher Type: SUN_STANDARD

Environment Variables:
PATH=C:\pleiades\java\8\jre\bin;C:/pleiades/eclipse/jre/bin/server;C:/pleiades/eclipse/jre/bin;C:\Program Files (x86)\Common Files\Oracle\Java\javapath;C:\Program Files (x86)\Intel\iCLS Client\;C:\Program Files\Intel\iCLS Client\;C:\WINDOWS\system32;C:\WINDOWS;C:\WINDOWS\System32\Wbem;C:\WINDOWS\System32\WindowsPowerShell\v1.0\;C:\Program Files (x86)\Intel\Intel(R) Management Engine Components\DAL;C:\Program Files\Intel\Intel(R) Management Engine Components\DAL;C:\Program Files (x86)\Intel\Intel(R) Management Engine Components\IPT;C:\Program Files\Intel\Intel(R) Management Engine Components\IPT;C:\Program Files (x86)\Windows Kits\8.1\Windows Performance Toolkit\;C:\Program Files\Microsoft SQL Server\110\Tools\Binn\;C:\Program Files\dotnet\;C:\Program Files\Microsoft SQL Server\130\Tools\Binn\;C:\WINDOWS\System32\OpenSSH\;C:\Program Files\EmEditor;D:\php-7.4.27;C:\composer;C:\Users\tfujishima\AppData\Local\Microsoft\WindowsApps;C:\Users\tfujishima\AppData\Local\atom\bin;C:\Users\tfujishima\AppData\Local\Microsoft\WindowsApps;C:\Users\tfujishima\AppData\Local\Programs\Microsoft VS Code\bin;C:\Users\tfujishima\.dotnet\tools;C:\Users\tfujishima\AppData\Roaming\Composer\vendor\bin;C:\pleiades\eclipse;
USERNAME=tfujishima
OS=Windows_NT
PROCESSOR_IDENTIFIER=Intel64 Family 6 Model 158 Stepping 9, GenuineIntel



---------------  S Y S T E M  ---------------

OS: Windows 10.0 , 64 bit Build 19041 (10.0.19041.1741)

CPU:total 8 (initial active 8) (4 cores per cpu, 2 threads per core) family 6 model 158 stepping 9, cmov, cx8, fxsr, mmx, sse, sse2, sse3, ssse3, sse4.1, sse4.2, popcnt, avx, avx2, aes, clmul, erms, rtm, 3dnowpref, lzcnt, ht, tsc, tscinvbit, bmi1, bmi2, adx

Memory: 4k page, physical 8299596k(599592k free), swap 21406796k(8342624k free)

vm_info: Java HotSpot(TM) 64-Bit Server VM (25.202-b08) for windows-amd64 JRE (1.8.0_202-b08), built on Dec 15 2018 19:54:30 by "java_re" with MS VC++ 10.0 (VS2010)

time: Mon Jun 27 17:08:31 2022
timezone: “Ś‹ž (•WŹ€Žž)
elapsed time: 349265 seconds (4d 1h 1m 5s)

